<?xml version="1.0" encoding="UTF-8"?>
<testsuite name="pairmatching.ApplicationTest" tests="2" skipped="0" failures="0" errors="0" timestamp="2023-12-14T19:29:53" hostname="BOOK-GHM0I3DLKI" time="1.912">
  <properties/>
  <testcase name="짝수_인원_페어_매칭()" classname="pairmatching.ApplicationTest" time="1.892"/>
  <testcase name="없는_미션에_대한_예외_처리()" classname="pairmatching.ApplicationTest" time="0.018"/>
  <system-out><![CDATA[기능을 선택하세요.
1. 페어 매칭
2. 페어 조회
3. 페어 초기화
Q. 종료

#############################################
과정: 백엔드 | 프론트엔드
미션:
  - 레벨1: 자동차경주 | 로또 | 숫자야구게임
  - 레벨2: 장바구니 | 결제 | 지하철노선도
  - 레벨3: 
  - 레벨4: 성능개선 | 배포
  - 레벨5: 
############################################
과정, 레벨, 미션을 선택하세요.
ex) 백엔드, 레벨1, 자동차경주

페어 매칭 결과입니다.
태웅 : 백호
치수 : 태섭

기능을 선택하세요.
1. 페어 매칭
2. 페어 조회
3. 페어 초기화
Q. 종료
기능을 선택하세요.
1. 페어 매칭
2. 페어 조회
3. 페어 초기화
Q. 종료

#############################################
과정: 백엔드 | 프론트엔드
미션:
  - 레벨1: 자동차경주 | 로또 | 숫자야구게임
  - 레벨2: 장바구니 | 결제 | 지하철노선도
  - 레벨3: 
  - 레벨4: 성능개선 | 배포
  - 레벨5: 
############################################
과정, 레벨, 미션을 선택하세요.
ex) 백엔드, 레벨1, 자동차경주
[ERROR] 없는 미션입니다.

페어 매칭 결과입니다.
태산 : 준호
백호 : 현준
달재 : 준섭
소연 : 용팔
대만 : 대협
태웅 : 덕규
구식 : 태섭
대남 : 한나
수겸 : 호열
경태 : 치수

기능을 선택하세요.
1. 페어 매칭
2. 페어 조회
3. 페어 초기화
Q. 종료
]]></system-out>
  <system-err><![CDATA[]]></system-err>
</testsuite>
